<?xml version="1.0" encoding="UTF-8"?>
<!-- Generated by org.testng.reporters.JUnitXMLReporter -->
<testsuite hostname="Ravi.local" ignored="0" name="Platform_Sign_up" tests="6" failures="0" timestamp="01 Aug 2020 06:30:54 GMT" time="26.885" errors="0">
  <testcase name="verifyTitle" time="0.143" classname="com.sap.testcases.SignUpTest"/>
  <testcase name="cookies" time="0.565" classname="com.sap.testcases.SignUpTest"/>
  <testcase name="clickSignUpBtn" time="2.993" classname="com.sap.testcases.SignUpTest"/>
  <testcase name="verifyRegisterPopUp" time="0.908" classname="com.sap.testcases.SignUpTest"/>
  <testcase name="EnterUserDetails" time="8.724" classname="com.sap.testcases.SignUpTest"/>
  <testcase name="verifySuccessMsg" time="3.147" classname="com.sap.testcases.SignUpTest"/>
</testsuite> <!-- Platform_Sign_up -->
